<?xml version="1.0" encoding="UTF-8"?>
<!-- Generated by org.testng.reporters.JUnitReportReporter -->
<testsuite skipped="0" hostname="DESKTOP-4MLC4R0" name="com.qa.testcases.LoginPageTest" tests="2" failures="0" timestamp="03 Dec 2020 10:46:13 GMT" time="25.508" errors="0">
  <testcase name="loginPageTitleTest" time="9.863" classname="com.qa.testcases.LoginPageTest"/>
  <testcase name="loginTest" time="15.645" classname="com.qa.testcases.LoginPageTest"/>
</testsuite> <!-- com.qa.testcases.LoginPageTest -->
