<?xml version="1.0" encoding="UTF-8"?>
<!-- Generated by org.testng.reporters.JUnitReportReporter -->
<testsuite skipped="0" hostname="DESKTOP-4MLC4R0" name="com.qa.testcases.LoginPageTest" tests="2" failures="0" timestamp="03 Dec 2020 09:01:39 GMT" time="29.338" errors="0">
  <testcase name="loginPageTitleTest" time="10.230" classname="com.qa.testcases.LoginPageTest"/>
  <testcase name="loginTest" time="19.108" classname="com.qa.testcases.LoginPageTest"/>
</testsuite> <!-- com.qa.testcases.LoginPageTest -->
